<?xml version="1.0" encoding="UTF-8"?>
<!-- Generated by org.testng.reporters.JUnitXMLReporter -->
<testsuite ignored="0" hostname="LAPTOP-G3UQQ45K" failures="0" tests="3" name="Tees2" time="27.662" errors="0" timestamp="2025-03-17T22:57:34 IST">
  <testcase classname="com.comcast.crm.orgtestreal2.CreatOrgRealTest" name="CreateOraganizationWithIndustriesTest" time="6.89"/>
  <testcase classname="com.comcast.crm.orgtestreal2.CreatOrgRealTest" name="CreateOrgTest" time="4.352"/>
  <testcase classname="com.comcast.crm.orgtestreal2.CreatOrgRealTest" name="CreateOrgWithPhoneNumber" time="7.566"/>
</testsuite> <!-- Tees2 -->
