<?xml version="1.0" encoding="UTF-8"?>
<!-- Generated by org.testng.reporters.JUnitXMLReporter -->
<testsuite ignored="0" hostname="LAPTOP-G3UQQ45K" failures="0" tests="3" name="Tees1" time="24.629" errors="0" timestamp="2025-03-17T22:57:30 IST">
  <testcase classname="com.comcast.crm.contacttestreal1.CreateContactRealTest" name="CreateContactTest" time="3.45"/>
  <testcase classname="com.comcast.crm.contacttestreal1.CreateContactRealTest" name="CreateContactWithOrg" time="8.617"/>
  <testcase classname="com.comcast.crm.contacttestreal1.CreateContactRealTest" name="CreateContactWithSupportDate" time="3.491"/>
</testsuite> <!-- Tees1 -->
