<?xml version="1.0" encoding="UTF-8"?>
<!-- Generated by org.testng.reporters.JUnitXMLReporter -->
<testsuite ignored="6" hostname="LAPTOP-G3UQQ45K" failures="0" tests="2" name="Test" time="21.839" errors="0" timestamp="2025-03-17T22:31:14 IST">
  <testcase classname="com.comcast.crm.contacttestreal1.CreateContactRealTest" name="CreateContactWithOrg" time="7.216"/>
  <testcase classname="com.comcast.crm.orgtestreal2.CreatOrgRealTest" name="CreateOrgTest" time="4.187"/>
  <testcase classname="com.comcast.crm.basetest.BaseClassReal" name="@AfterSuite configAS" time="0.0">
    <ignored/>
  </testcase> <!-- @AfterSuite configAS -->
  <testcase classname="com.comcast.crm.orgtestreal2.CreatOrgRealTest" name="CreateOraganizationWithIndustriesTest" time="0.0">
    <ignored/>
  </testcase> <!-- CreateOraganizationWithIndustriesTest -->
  <testcase classname="com.comcast.crm.basetest.BaseClassReal" name="@BeforeSuite configBS" time="0.0">
    <ignored/>
  </testcase> <!-- @BeforeSuite configBS -->
  <testcase classname="com.comcast.crm.contacttestreal1.CreateContactRealTest" name="CreateContactWithSupportDate" time="0.0">
    <ignored/>
  </testcase> <!-- CreateContactWithSupportDate -->
  <testcase classname="com.comcast.crm.orgtestreal2.CreatOrgRealTest" name="CreateOrgWithPhoneNumber" time="0.0">
    <ignored/>
  </testcase> <!-- CreateOrgWithPhoneNumber -->
  <testcase classname="com.comcast.crm.contacttestreal1.CreateContactRealTest" name="CreateContactTest" time="0.0">
    <ignored/>
  </testcase> <!-- CreateContactTest -->
</testsuite> <!-- Test -->
