<?xml version="1.0" encoding="UTF-8"?>
<!-- Generated by org.testng.reporters.JUnitXMLReporter -->
<testsuite ignored="2" hostname="LAPTOP-G3UQQ45K" failures="0" tests="6" name="TestRunner-chrome" time="58.002" errors="0" timestamp="2025-03-18T11:14:40 IST">
  <testcase classname="com.comcast.crm.contacttestreal1.CreateContactRealTest" name="CreateContactTest" time="4.405"/>
  <testcase classname="com.comcast.crm.contacttestreal1.CreateContactRealTest" name="CreateContactWithOrg" time="9.941"/>
  <testcase classname="com.comcast.crm.contacttestreal1.CreateContactRealTest" name="CreateContactWithSupportDate" time="4.569"/>
  <testcase classname="com.comcast.crm.orgtestreal2.CreatOrgRealTest" name="CreateOraganizationWithIndustriesTest" time="7.675"/>
  <testcase classname="com.comcast.crm.orgtestreal2.CreatOrgRealTest" name="CreateOrgTest" time="4.121"/>
  <testcase classname="com.comcast.crm.orgtestreal2.CreatOrgRealTest" name="CreateOrgWithPhoneNumber" time="8.896"/>
  <testcase classname="com.comcast.crm.basetest.BaseClassReal" name="@AfterSuite configAS" time="0.0">
    <ignored/>
  </testcase> <!-- @AfterSuite configAS -->
  <testcase classname="com.comcast.crm.basetest.BaseClassReal" name="@BeforeSuite configBS" time="0.0">
    <ignored/>
  </testcase> <!-- @BeforeSuite configBS -->
</testsuite> <!-- TestRunner-chrome -->
