<?xml version="1.0" encoding="UTF-8"?>
<!-- Generated by org.testng.reporters.JUnitXMLReporter -->
<testsuite ignored="2" hostname="LAPTOP-G3UQQ45K" failures="0" tests="6" name="TestRunner-edge" time="60.792" errors="0" timestamp="2025-03-18T11:14:43 IST">
  <testcase classname="com.comcast.crm.contacttestreal1.CreateContactRealTest" name="CreateContactTest" time="4.034"/>
  <testcase classname="com.comcast.crm.contacttestreal1.CreateContactRealTest" name="CreateContactWithOrg" time="10.205"/>
  <testcase classname="com.comcast.crm.contacttestreal1.CreateContactRealTest" name="CreateContactWithSupportDate" time="4.411"/>
  <testcase classname="com.comcast.crm.orgtestreal2.CreatOrgRealTest" name="CreateOraganizationWithIndustriesTest" time="7.353"/>
  <testcase classname="com.comcast.crm.orgtestreal2.CreatOrgRealTest" name="CreateOrgTest" time="4.026"/>
  <testcase classname="com.comcast.crm.orgtestreal2.CreatOrgRealTest" name="CreateOrgWithPhoneNumber" time="7.618"/>
  <testcase classname="com.comcast.crm.basetest.BaseClassReal" name="@AfterSuite configAS" time="0.0">
    <ignored/>
  </testcase> <!-- @AfterSuite configAS -->
  <testcase classname="com.comcast.crm.basetest.BaseClassReal" name="@BeforeSuite configBS" time="0.0">
    <ignored/>
  </testcase> <!-- @BeforeSuite configBS -->
</testsuite> <!-- TestRunner-edge -->
